{
  "severity": "permanent",
  "tags": [],
  "storage": {
    "url": "https://se.api.mailgun.net/v3/domains/zinkroo.com/messages/eyJwIjpmYWxzZSwiayI6ImRkYjViYjBlLWVlMGMtNDYzOS1iOWQ4LWNmNmZlYTYzODMwYyIsInMiOiJiZGM3OTUxNWY2IiwiYyI6InRhbmtiIn0=",
    "key": "eyJwIjpmYWxzZSwiayI6ImRkYjViYjBlLWVlMGMtNDYzOS1iOWQ4LWNmNmZlYTYzODMwYyIsInMiOiJiZGM3OTUxNWY2IiwiYyI6InRhbmtiIn0="
  },
  "delivery-status": {
    "tls": true,
    "mx-host": "mail.axenso.com",
    "attempt-no": 1,
    "description": "",
    "session-seconds": 41.914475202560425,
    "code": 550,
    "message": "550 Verification failed for <bounce+391b2b.c29a59-info=axenso.com@zinkroo.com>\nNo Such User Here\nSender verify failed",
    "certificate-verified": true
  },
  "recipient-domain": "axenso.com",
  "event": "failed",
  "campaigns": [],
  "reason": "generic",
  "user-variables": {},
  "flags": {
    "is-routed": false,
    "is-authenticated": true,
    "is-system-test": false,
    "is-test-mode": false
  },
  "log-level": "error",
  "timestamp": 1489761738.90611,
  "envelope": {
    "transport": "smtp",
    "sender": "noreply@zinkroo.com",
    "sending-ip": "209.61.151.224",
    "targets": "info@axenso.com"
  },
  "message": {
    "headers": {
      "to": "info@axenso.com",
      "message-id": "20170317144136.60346.32978.C26A3632@zinkroo.com",
      "from": "noreply@zinkroo.com",
      "subject": "Zinkroo password recovery service"
    },
    "attachments": [],
    "recipients": [
      "info@axenso.com"
    ],
    "size": 970
  },
  "recipient": "info@axenso.com",
  "id": "V0_mGQRETGKbg1fRKGQpww"
}
